<?xml version="1.0" encoding="UTF-8"?>
<coverage generated="1612206703294" clover="3.2.0">
  <project timestamp="1612206703294" name="All files">
    <metrics statements="25" coveredstatements="9" conditionals="4" coveredconditionals="1" methods="16" coveredmethods="5" elements="45" coveredelements="15" complexity="0" loc="25" ncloc="25" packages="3" files="8" classes="8"/>
    <package name="src">
      <metrics statements="11" coveredstatements="6" conditionals="4" coveredconditionals="1" methods="5" coveredmethods="3"/>
      <file name="container.ts" path="D:\workspace-drive\typescript\dependency-injection-ioc\src\container.ts">
        <metrics statements="11" coveredstatements="6" conditionals="4" coveredconditionals="1" methods="5" coveredmethods="3"/>
        <line num="12" count="2" type="stmt"/>
        <line num="20" count="1" type="cond" truecount="1" falsecount="1"/>
        <line num="21" count="0" type="stmt"/>
        <line num="23" count="1" type="stmt"/>
        <line num="24" count="1" type="stmt"/>
        <line num="32" count="0" type="cond" truecount="0" falsecount="2"/>
        <line num="33" count="0" type="stmt"/>
        <line num="35" count="0" type="stmt"/>
        <line num="39" count="2" type="stmt"/>
        <line num="46" count="0" type="stmt"/>
        <line num="49" count="2" type="stmt"/>
      </file>
      <file name="icontainer.ts" path="D:\workspace-drive\typescript\dependency-injection-ioc\src\icontainer.ts">
        <metrics statements="0" coveredstatements="0" conditionals="0" coveredconditionals="0" methods="0" coveredmethods="0"/>
      </file>
    </package>
    <package name="src.decorators">
      <metrics statements="6" coveredstatements="3" conditionals="0" coveredconditionals="0" methods="5" coveredmethods="2"/>
      <file name="ioc-inject.ts" path="D:\workspace-drive\typescript\dependency-injection-ioc\src\decorators\ioc-inject.ts">
        <metrics statements="3" coveredstatements="0" conditionals="0" coveredconditionals="0" methods="3" coveredmethods="0"/>
        <line num="4" count="0" type="stmt"/>
        <line num="5" count="0" type="stmt"/>
        <line num="6" count="0" type="stmt"/>
      </file>
      <file name="ioc-injectable.ts" path="D:\workspace-drive\typescript\dependency-injection-ioc\src\decorators\ioc-injectable.ts">
        <metrics statements="3" coveredstatements="3" conditionals="0" coveredconditionals="0" methods="2" coveredmethods="2"/>
        <line num="4" count="1" type="stmt"/>
        <line num="5" count="1" type="stmt"/>
        <line num="6" count="1" type="stmt"/>
      </file>
    </package>
    <package name="src.store">
      <metrics statements="8" coveredstatements="0" conditionals="0" coveredconditionals="0" methods="6" coveredmethods="0"/>
      <file name="book-store.ts" path="D:\workspace-drive\typescript\dependency-injection-ioc\src\store\book-store.ts">
        <metrics statements="2" coveredstatements="0" conditionals="0" coveredconditionals="0" methods="2" coveredmethods="0"/>
        <line num="9" count="0" type="stmt"/>
        <line num="13" count="0" type="stmt"/>
      </file>
      <file name="game-store.ts" path="D:\workspace-drive\typescript\dependency-injection-ioc\src\store\game-store.ts">
        <metrics statements="2" coveredstatements="0" conditionals="0" coveredconditionals="0" methods="2" coveredmethods="0"/>
        <line num="9" count="0" type="stmt"/>
        <line num="13" count="0" type="stmt"/>
      </file>
      <file name="istore.ts" path="D:\workspace-drive\typescript\dependency-injection-ioc\src\store\istore.ts">
        <metrics statements="0" coveredstatements="0" conditionals="0" coveredconditionals="0" methods="0" coveredmethods="0"/>
      </file>
      <file name="store.ts" path="D:\workspace-drive\typescript\dependency-injection-ioc\src\store\store.ts">
        <metrics statements="4" coveredstatements="0" conditionals="0" coveredconditionals="0" methods="2" coveredmethods="0"/>
        <line num="16" count="0" type="stmt"/>
        <line num="17" count="0" type="stmt"/>
        <line num="18" count="0" type="stmt"/>
        <line num="22" count="0" type="stmt"/>
      </file>
    </package>
  </project>
</coverage>
