{"D:\\workspace-drive\\typescript\\dependency-injection-ioc\\src\\container.ts": {"path":"D:\\workspace-drive\\typescript\\dependency-injection-ioc\\src\\container.ts","statementMap":{"0":{"start":{"line":12,"column":4},"end":{"line":12,"column":48}},"1":{"start":{"line":20,"column":4},"end":{"line":22,"column":5}},"2":{"start":{"line":21,"column":6},"end":{"line":21,"column":76}},"3":{"start":{"line":23,"column":4},"end":{"line":23,"column":40}},"4":{"start":{"line":24,"column":4},"end":{"line":24,"column":43}},"5":{"start":{"line":32,"column":4},"end":{"line":34,"column":5}},"6":{"start":{"line":33,"column":6},"end":{"line":33,"column":55}},"7":{"start":{"line":35,"column":4},"end":{"line":35,"column":37}},"8":{"start":{"line":39,"column":4},"end":{"line":39,"column":27}},"9":{"start":{"line":46,"column":4},"end":{"line":46,"column":32}},"10":{"start":{"line":49,"column":18},"end":{"line":49,"column":33}}},"fnMap":{"0":{"name":"(anonymous_0)","decl":{"start":{"line":11,"column":2},"end":{"line":11,"column":3}},"loc":{"start":{"line":11,"column":16},"end":{"line":13,"column":3}},"line":11},"1":{"name":"(anonymous_1)","decl":{"start":{"line":19,"column":2},"end":{"line":19,"column":3}},"loc":{"start":{"line":19,"column":56},"end":{"line":25,"column":3}},"line":19},"2":{"name":"(anonymous_2)","decl":{"start":{"line":31,"column":2},"end":{"line":31,"column":3}},"loc":{"start":{"line":31,"column":32},"end":{"line":36,"column":3}},"line":31},"3":{"name":"(anonymous_3)","decl":{"start":{"line":38,"column":2},"end":{"line":38,"column":3}},"loc":{"start":{"line":38,"column":46},"end":{"line":40,"column":3}},"line":38},"4":{"name":"(anonymous_4)","decl":{"start":{"line":45,"column":2},"end":{"line":45,"column":3}},"loc":{"start":{"line":45,"column":23},"end":{"line":47,"column":3}},"line":45}},"branchMap":{"0":{"loc":{"start":{"line":20,"column":4},"end":{"line":22,"column":5}},"type":"if","locations":[{"start":{"line":20,"column":4},"end":{"line":22,"column":5}},{"start":{"line":20,"column":4},"end":{"line":22,"column":5}}],"line":20},"1":{"loc":{"start":{"line":32,"column":4},"end":{"line":34,"column":5}},"type":"if","locations":[{"start":{"line":32,"column":4},"end":{"line":34,"column":5}},{"start":{"line":32,"column":4},"end":{"line":34,"column":5}}],"line":32}},"s":{"0":2,"1":1,"2":0,"3":1,"4":1,"5":0,"6":0,"7":0,"8":2,"9":0,"10":2},"f":{"0":2,"1":1,"2":0,"3":2,"4":0},"b":{"0":[0,1],"1":[0,0]},"_coverageSchema":"1a1c01bbd47fc00a2c39e90264f33305004495a9","hash":"7a6f544c1406a0caac049754044ec1058622f1db"}
,"D:\\workspace-drive\\typescript\\dependency-injection-ioc\\src\\icontainer.ts": {"path":"D:\\workspace-drive\\typescript\\dependency-injection-ioc\\src\\icontainer.ts","statementMap":{},"fnMap":{},"branchMap":{},"s":{},"f":{},"b":{}}
,"D:\\workspace-drive\\typescript\\dependency-injection-ioc\\src\\decorators\\ioc-inject.ts": {"path":"D:\\workspace-drive\\typescript\\dependency-injection-ioc\\src\\decorators\\ioc-inject.ts","statementMap":{"0":{"start":{"line":4,"column":2},"end":{"line":10,"column":4}},"1":{"start":{"line":5,"column":4},"end":{"line":9,"column":7}},"2":{"start":{"line":6,"column":17},"end":{"line":6,"column":43}}},"fnMap":{"0":{"name":"(anonymous_0)","decl":{"start":{"line":3,"column":15},"end":{"line":3,"column":16}},"loc":{"start":{"line":3,"column":33},"end":{"line":11,"column":1}},"line":3},"1":{"name":"(anonymous_1)","decl":{"start":{"line":4,"column":9},"end":{"line":4,"column":10}},"loc":{"start":{"line":4,"column":39},"end":{"line":10,"column":3}},"line":4},"2":{"name":"(anonymous_2)","decl":{"start":{"line":6,"column":11},"end":{"line":6,"column":12}},"loc":{"start":{"line":6,"column":17},"end":{"line":6,"column":43}},"line":6}},"branchMap":{},"s":{"0":0,"1":0,"2":0},"f":{"0":0,"1":0,"2":0},"b":{}}
,"D:\\workspace-drive\\typescript\\dependency-injection-ioc\\src\\decorators\\ioc-injectable.ts": {"path":"D:\\workspace-drive\\typescript\\dependency-injection-ioc\\src\\decorators\\ioc-injectable.ts","statementMap":{"0":{"start":{"line":4,"column":2},"end":{"line":7,"column":4}},"1":{"start":{"line":5,"column":21},"end":{"line":5,"column":33}},"2":{"start":{"line":6,"column":4},"end":{"line":6,"column":46}}},"fnMap":{"0":{"name":"(anonymous_0)","decl":{"start":{"line":3,"column":15},"end":{"line":3,"column":16}},"loc":{"start":{"line":3,"column":33},"end":{"line":8,"column":1}},"line":3},"1":{"name":"(anonymous_1)","decl":{"start":{"line":4,"column":9},"end":{"line":4,"column":10}},"loc":{"start":{"line":4,"column":44},"end":{"line":7,"column":3}},"line":4}},"branchMap":{},"s":{"0":1,"1":1,"2":1},"f":{"0":1,"1":1},"b":{},"_coverageSchema":"1a1c01bbd47fc00a2c39e90264f33305004495a9","hash":"c4f73c62737793713d73ad21606883848951ea6c"}
,"D:\\workspace-drive\\typescript\\dependency-injection-ioc\\src\\store\\book-store.ts": {"path":"D:\\workspace-drive\\typescript\\dependency-injection-ioc\\src\\store\\book-store.ts","statementMap":{"0":{"start":{"line":9,"column":4},"end":{"line":9,"column":52}},"1":{"start":{"line":13,"column":4},"end":{"line":13,"column":23}}},"fnMap":{"0":{"name":"(anonymous_0)","decl":{"start":{"line":8,"column":2},"end":{"line":8,"column":3}},"loc":{"start":{"line":8,"column":16},"end":{"line":10,"column":3}},"line":8},"1":{"name":"(anonymous_1)","decl":{"start":{"line":12,"column":2},"end":{"line":12,"column":3}},"loc":{"start":{"line":12,"column":36},"end":{"line":14,"column":3}},"line":12}},"branchMap":{},"s":{"0":0,"1":0},"f":{"0":0,"1":0},"b":{}}
,"D:\\workspace-drive\\typescript\\dependency-injection-ioc\\src\\store\\game-store.ts": {"path":"D:\\workspace-drive\\typescript\\dependency-injection-ioc\\src\\store\\game-store.ts","statementMap":{"0":{"start":{"line":9,"column":4},"end":{"line":9,"column":79}},"1":{"start":{"line":13,"column":4},"end":{"line":13,"column":23}}},"fnMap":{"0":{"name":"(anonymous_0)","decl":{"start":{"line":8,"column":2},"end":{"line":8,"column":3}},"loc":{"start":{"line":8,"column":16},"end":{"line":10,"column":3}},"line":8},"1":{"name":"(anonymous_1)","decl":{"start":{"line":12,"column":2},"end":{"line":12,"column":3}},"loc":{"start":{"line":12,"column":36},"end":{"line":14,"column":3}},"line":12}},"branchMap":{},"s":{"0":0,"1":0},"f":{"0":0,"1":0},"b":{}}
,"D:\\workspace-drive\\typescript\\dependency-injection-ioc\\src\\store\\istore.ts": {"path":"D:\\workspace-drive\\typescript\\dependency-injection-ioc\\src\\store\\istore.ts","statementMap":{},"fnMap":{},"branchMap":{},"s":{},"f":{},"b":{}}
,"D:\\workspace-drive\\typescript\\dependency-injection-ioc\\src\\store\\store.ts": {"path":"D:\\workspace-drive\\typescript\\dependency-injection-ioc\\src\\store\\store.ts","statementMap":{"0":{"start":{"line":16,"column":4},"end":{"line":16,"column":40}},"1":{"start":{"line":17,"column":4},"end":{"line":17,"column":40}},"2":{"start":{"line":18,"column":4},"end":{"line":18,"column":61}},"3":{"start":{"line":22,"column":4},"end":{"line":22,"column":23}}},"fnMap":{"0":{"name":"(anonymous_0)","decl":{"start":{"line":15,"column":2},"end":{"line":15,"column":3}},"loc":{"start":{"line":15,"column":16},"end":{"line":19,"column":3}},"line":15},"1":{"name":"(anonymous_1)","decl":{"start":{"line":21,"column":2},"end":{"line":21,"column":3}},"loc":{"start":{"line":21,"column":31},"end":{"line":23,"column":3}},"line":21}},"branchMap":{},"s":{"0":0,"1":0,"2":0,"3":0},"f":{"0":0,"1":0},"b":{}}
}
